<?xml version="1.0" encoding="UTF-8"?>
<!-- Generated by org.testng.reporters.JUnitReportReporter -->
<testsuite hostname="LAPTOP-0FD1O0AP" failures="0" tests="4" name="TestCases.DataproviderMethod" time="0.040" errors="0" timestamp="2023-01-13T16:21:20 IST" skipped="0">
  <testcase classname="TestCases.DataproviderMethod" name="testName" time="0.003"/>
  <testcase classname="TestCases.DataproviderMethod" name="testName" time="0.016"/>
  <testcase classname="TestCases.DataproviderMethod" name="testName" time="0.015"/>
  <testcase classname="TestCases.DataproviderMethod" name="testName" time="0.006"/>
</testsuite> <!-- TestCases.DataproviderMethod -->
