<?xml version="1.0" encoding="UTF-8"?>
<!-- Generated by org.testng.reporters.JUnitReportReporter -->
<testsuite hostname="LAPTOP-0FD1O0AP" failures="0" tests="5" name="TestCases.CartPageTest" time="44.139" errors="0" timestamp="2023-01-06T19:50:39 IST" skipped="0">
  <testcase classname="TestCases.CartPageTest" name="verifyCartUrlTest" time="11.089"/>
  <testcase classname="TestCases.CartPageTest" name="verifyItemsAddedInCartTest" time="6.196"/>
  <testcase classname="TestCases.CartPageTest" name="verifyCountOfCartTest" time="7.840"/>
  <testcase classname="TestCases.CartPageTest" name="verifyItemsRemoverdFromCartTest" time="9.386"/>
  <testcase classname="TestCases.CartPageTest" name="verifyYourCartTextTest" time="9.628"/>
</testsuite> <!-- TestCases.CartPageTest -->
