<?xml version="1.0" encoding="UTF-8"?>
<!-- Generated by org.testng.reporters.JUnitReportReporter -->
<testsuite hostname="LAPTOP-0FD1O0AP" failures="0" tests="6" name="TestCases.CheckoutStepOnePageTest" time="59.283" errors="0" timestamp="2022-12-31T08:01:01 IST" skipped="0">
  <testcase classname="TestCases.CheckoutStepOnePageTest" name="verifyCheckoutTitleTest" time="10.114"/>
  <testcase classname="TestCases.CheckoutStepOnePageTest" name="verifyCheckoutFunctionalityTest" time="18.192"/>
  <testcase classname="TestCases.CheckoutStepOnePageTest" name="verifyEnteredFirstNameTest" time="7.005"/>
  <testcase classname="TestCases.CheckoutStepOnePageTest" name="verifyErroeMessageTest" time="10.075"/>
  <testcase classname="TestCases.CheckoutStepOnePageTest" name="verifyEnteredPostalCodeTest" time="7.218"/>
  <testcase classname="TestCases.CheckoutStepOnePageTest" name="verifyEnteredLastNameTest" time="6.679"/>
</testsuite> <!-- TestCases.CheckoutStepOnePageTest -->
