<?xml version="1.0" encoding="UTF-8"?>
<!-- Generated by org.testng.reporters.JUnitReportReporter -->
<testsuite hostname="LAPTOP-0FD1O0AP" failures="0" tests="4" name="TestCases.CheckoutCompletePageTest" time="35.214" errors="0" timestamp="2022-12-31T08:05:44 IST" skipped="0">
  <testcase classname="TestCases.CheckoutCompletePageTest" name="verifyThankYouTextElementTest" time="6.846"/>
  <testcase classname="TestCases.CheckoutCompletePageTest" name="verifyPonyExpressLogoTest" time="8.227"/>
  <testcase classname="TestCases.CheckoutCompletePageTest" name="verifyCheckoutCompleteTitleTest" time="7.363"/>
  <testcase classname="TestCases.CheckoutCompletePageTest" name="verifyBackToHomeButtonFunctionalityTest" time="12.778"/>
</testsuite> <!-- TestCases.CheckoutCompletePageTest -->
