<?xml version="1.0" encoding="UTF-8"?>
<!-- Generated by org.testng.reporters.JUnitReportReporter -->
<testsuite hostname="LAPTOP-0FD1O0AP" failures="0" tests="1" name="TestCases.InventoryPageTest" time="105.467" errors="0" timestamp="2023-01-06T20:33:01 IST" skipped="0">
  <testcase classname="TestCases.InventoryPageTest" name="verifyPeekLogoTest" time="105.467"/>
</testsuite> <!-- TestCases.InventoryPageTest -->
