<?xml version="1.0" encoding="UTF-8"?>
<!-- Generated by org.testng.reporters.JUnitReportReporter -->
<testsuite hostname="LAPTOP-0FD1O0AP" failures="0" tests="1" name="TestCases.LoginPageTest" time="32.058" errors="0" timestamp="2023-01-06T22:00:31 IST" skipped="0">
  <testcase classname="TestCases.LoginPageTest" name="verifyEnteredUsername" time="32.058"/>
</testsuite> <!-- TestCases.LoginPageTest -->
