<?xml version="1.0" encoding="UTF-8"?>
<!-- Generated by org.testng.reporters.JUnitReportReporter -->
<testsuite hostname="LAPTOP-0FD1O0AP" failures="0" tests="6" name="TestCases.CheckoutStepTwoPageTest" time="51.646" errors="0" timestamp="2022-12-31T08:03:23 IST" skipped="0">
  <testcase classname="TestCases.CheckoutStepTwoPageTest" name="verifyTaxTest" time="5.933"/>
  <testcase classname="TestCases.CheckoutStepTwoPageTest" name="verifyFinishButtonNavigateToLastPage" time="10.641"/>
  <testcase classname="TestCases.CheckoutStepTwoPageTest" name="verifyTotalPaymentTest" time="11.182"/>
  <testcase classname="TestCases.CheckoutStepTwoPageTest" name="verifyPaymentInformationTest" time="6.426"/>
  <testcase classname="TestCases.CheckoutStepTwoPageTest" name="verifyOverviewTitleTest" time="8.164"/>
  <testcase classname="TestCases.CheckoutStepTwoPageTest" name="verifyShipingInformationTest" time="9.300"/>
</testsuite> <!-- TestCases.CheckoutStepTwoPageTest -->
