<?xml version="1.0" encoding="UTF-8"?>
<!-- Generated by org.testng.reporters.JUnitXMLReporter -->
<testsuite ignored="8" hostname="LAPTOP-0FD1O0AP" failures="0" tests="11" name="Test-1(failed)" time="152.111" errors="0" timestamp="2023-01-06T19:50:38 IST">
  <testcase classname="TestCases.InventoryPageTest" name="verifyLowToHighPriceSortOptionTest" time="1.438"/>
  <testcase classname="TestCases.InventoryPageTest" name="verifyHighToLowPriceSortOptionTest" time="1.271"/>
  <testcase classname="TestCases.InventoryPageTest" name="verifyAtoZSortOption" time="0.417"/>
  <testcase classname="TestCases.InventoryPageTest" name="verifycartItems" time="1.262"/>
  <testcase classname="TestCases.InventoryPageTest" name="verifyZtoASortOption" time="0.317"/>
  <testcase classname="TestCases.CartPageTest" name="verifyCartUrlTest" time="3.98"/>
  <testcase classname="TestCases.CartPageTest" name="verifyItemsRemoverdFromCartTest" time="3.667"/>
  <testcase classname="TestCases.CartPageTest" name="verifyItemsAddedInCartTest" time="0.665"/>
  <testcase classname="TestCases.CartPageTest" name="verifyYourCartTextTest" time="0.048"/>
  <testcase classname="TestCases.CartPageTest" name="verifyCountOfCartTest" time="0.234"/>
  <testcase classname="TestCases.LoginPageTest" name="verifyLoginTest" time="0.366"/>
  <testcase classname="TestCases.LoginPageTest" name="verifyBotLogoTest" time="0.0">
    <ignored/>
  </testcase> <!-- verifyBotLogoTest -->
  <testcase classname="TestCases.InventoryPageTest" name="verifyproductTextTest" time="0.0">
    <ignored/>
  </testcase> <!-- verifyproductTextTest -->
  <testcase classname="TestCases.LoginPageTest" name="verifyEnteredPassword" time="0.0">
    <ignored/>
  </testcase> <!-- verifyEnteredPassword -->
  <testcase classname="TestCases.InventoryPageTest" name="verifyPeekLogoTest" time="0.0">
    <ignored/>
  </testcase> <!-- verifyPeekLogoTest -->
  <testcase classname="TestCases.LoginPageTest" name="verifyloginLogoTest" time="0.0">
    <ignored/>
  </testcase> <!-- verifyloginLogoTest -->
  <testcase classname="TestCases.LoginPageTest" name="verifyEnteredUsername" time="0.0">
    <ignored/>
  </testcase> <!-- verifyEnteredUsername -->
  <testcase classname="TestCases.LoginPageTest" name="verifyUrlTest" time="0.0">
    <ignored/>
  </testcase> <!-- verifyUrlTest -->
  <testcase classname="TestCases.LoginPageTest" name="verifyTitleTest" time="0.0">
    <ignored/>
  </testcase> <!-- verifyTitleTest -->
</testsuite> <!-- Test-1(failed) -->
